[    0.000000] Initializing cgrou subys cpuse
[   0.000000] Initializing cgroup subsyys cpu
[    0.000000] Initializing cgroup subsys cpuacct
[    0.000000] Linux version 4.4.0-78-generic (buildd@lgw01-11) (gcc version 5.4.0 20160609 (Ubuntu 5.4.0-6ubuntu1~16.04.4) ) #99-Ubuntu SMP Thu Apr 27 15:29:09 UTC 2017 (Ubuntu 4.4.0-78.99-generic 4.4.62)
[    0.000000] Command line: BOOT_IMAGE=/boot/vmlinuz-4.4.0-78-generic root=LABEL=cloudimg-rootfs ro console=tty1 console=ttyS0
[    0.000000] KERNEL supported cpus:
[    0.000000]   Intel GenuineIntel
[    0.000000]   AMD AuthenticAMD
[    0.000000]  Centaur CentaurHauls
[   0.000000] x86/fpu: Legacy x87 FPU detected.
[    0.000000] x86/fpu: Using 'lazy' FPU context switches.
[   0.000000] e820: BIOS-provided physical RAM map:
[    0.000000] BIOS-e820: [mem 0x0000000000000000-0x000000000009fbff] usable
[   0.000000] BIOS-e820: [mem 0x000000000009fc00-0x000000000009ffff] reserved
[   0.000000] BIOS-e820: [mem 0x00000000000f0000-0x00000000000fffff] reserved
[   0.000000] BIOS-e820: [mem 0x0000000000100000-0x000000003ffeffff] usable
[   0.000000] BIOS-e820: [mem 0x000000003fff0000-0x000000003fffffff] ACPI data
[    0.00000] BIOS-e820: [mem 0x00000000fffc0000-0x00000000ffffffff] reserved
[    0.000000] NX (Execute Disable) protection: active
[   0.000000] SMBIOS 2.5 present.
[   0.000000] Hypervisor detected: KVM
[   .00000] e820 last_pfn = 0xfff0ma_achh_pn = 0x40000000
[   0.0000] TRR: Disabled
[   0.000000] x86/PAT: MTRRs disabled, skipping PAT initialization too.
[   0.000000] x86/PAT: Configuration [0-7]: WB  WT  UC- UC  WB  WT  UC- UC  
[   0.000000] CPU MTRRs all blank - virtualized system.
[   0.000000] found SMP MP-table at [mem 0x0009fff0-0x0009ffff] mapped at [ffff88000009fff0]
[    0.000000] Scanning 1 areas for low memory corruption
[   0.000000] RAMDISK: [mem 0x36af2000-0x37570fff]
[    0.000000] ACPI: Early table checksum verification disabled
[   0.000000] ACPI: RSDP 0x00000000000E0000 000024 (v02 VBOX  )
[    0.000000] ACPI: XSDT 0x000000003FFF0030 00003C (v01 VBOX   VBOXXSDT 00000001 ASL  00000061)
[   0.000000] ACPI: FACP 0x000000003FFF00F0 000F4 (v04 VBOX   VBOXFACP 00000001 ASL  00000061)
[    0.000000] ACPI: DSDT 0x000000003FFF0470 001BF1 (v01 VBOX   VBOXBIOS 00000002 INTL 20100528)
[   0.000000] ACPI: FACS 0x000000003FFF0200 000040
[    0.000000] ACPI: FACS 0x000000003FFF0200 000040
[    0.000000] ACPI: APIC 0x000000003FFF0240 00005C (v02 VBOX   VBOXAPIC 00000001 ASL  00000061)
[    0.00000]ACPI: SSDT 0x000000003FFF02A0 0001CC (v01 VBOX   VBOXCPUT 00000002 INTL 20100528)
[    0.000000] No NUMA configuration found
[    0.000000] Faking a node at [mem 0x0000000000000000-0x000000003ffeffff]
[   0.000000] NODE_DATA(0) allocaed [me 0x3feb00-0x3feffff]
    0000000] kvm-clock: Using msrs 4b564d01 and 4b54d00
[    0.000000] kvm-clock: cpu 0, msr 0:3ffe3001, primary cu clock
[   0.000000] kvm-clock: using sched offset of 3699169405 cycles
[    0.000000] clocksource: kvm-clock: mask: xffffffffffffffff max_cycles: 0x1cd42e4dffb, max_idle_ns: 881590591483 ns
[   0.000000] Zone ranges:
[    0.000000]   DMA      [mem 0x0000000000001000-0x0000000000ffffff]
[   0.000000]   DMA32    [mem 0x0000000001000000-0x000000003ffeffff]
[   0.000000]   Normal   empty
[    0.000000]   Device   empty
[    0.000000] Movable zone start for each node
[    0.000000] Early memory node ranges
[   0.000000]   node   0: [mem 0x0000000000001000-0x000000000009efff]
[    0.000000]   node   0: [mem 0x0000000000100000-0x000000003ffeffff]
[    0.000000] Initmem setup node 0 [mem 0x0000000000001000-0x000000003ffeffff]
[    0.00000] ACPI: PM-Timer IO Port: 0x4008
[    0.000000] IOAPIC[0]: apic_id 2, version 17, address 0xfec00000, GSI 0-23
[   0.000000] ACPI: INT_SRC_OVR (bus 0 bus_irq 0 global_irq 2 dfl dfl)
[   0.000000] ACPI: INT_SRC_OVR (bus 0 bus_irq 9 global_irq 9 high level)
[    0.000000] Using ACPI (MADT) for SMP configuration information
[   0.000000] smpboot: Allowing 2 CPUs, 0 hotplug CPUs
[   0.000000] PM: Registered nosave memory: [me 0x00000000-0x00000fff]
[   0.00000] P: Registered nosave memory: [mem 0x0009f000-0x0009fff]
[   0.000000] PM: Registered nosave memory: [mem 0x000a0000-0x000effff]
[   0.00000] PM: Registered nosave memory: [mem 0x000f0000-0x000fffff]
[   0.000000] e820: [mem 0x40000000-0xfffbffff] available for PCI devices
[   0.000000] Booting paravirtualized kernel on KVM
[   0.000000] clocksource: refined-jiffies: mask: 0xffffffff max_cycles: 0xffffffff, max_idle_ns: 7645519600211568 ns
[    0.000000] setup_percpu: NR_CPUS:512 nr_cpumask_bits:512 nr_cpu_ids:2 nr_node_ids:1
[    0.000000] PERCPU: Embedded 33 pages/cpu @ffff88003fc00000 s98264 r8192 d28712 u1048576
[   0.000000] PV qspinlock hash table entries: 256 (order: 0, 4096 bytes)
[    0.000000] Built 1 zonelists in Node order, mobility grouping on.  Total pages: 257913
[   0.000000] Policy zone: DMA32
[   0.000000] Kernel command line: BOOT_IMAGE=/boot/vmlinuz-4.4.0-78-generic root=LABEL=cloudimg-rootfs ro console=tty1 console=ttyS0
[   0.000000] PID hash table entries: 4096 (order: 3, 32768 bytes)
[    0.000000] Memory: 1001832K/1048120K available (8469K kernel code, 1294K rwdata, 3984K rodata, 1484K init, 1316K bss, 46288K reserved, 0K cma-reserved)
[    0.000000] SLUB: HWalign=64, Order=0-3, MinObjects=0, CPUs=2, Nodes=1
[    0.000000] Hierarchical RCU implementation.
[    0.000000] 	Build-time adjustment of leaf fanout to 64.
[   0.000000] 	RCU restricting CPUs from NR_CPUS=512 to nr_cpu_ids=2.
[    .000000] RCU: Adjusting geometry for rcu_fanout_leaf=64, nr_cpu_ids=2
[   0.000000] NR_IRQS:33024 nr_irqs:440 16
[   0.000000] Console: colour VGA+ 80x25
[   0.000000] console [tty1] enabled
[    0.000000] console [ttyS0] enabled
[   0.000000] tsc: Detected 2389.242 MHz processor
[    4.854790] Calibrating delay loop (skipped) preset value.. 4778.48 BogoMIPS (lpj=9556968)
[    4.862616] pid_max: default: 32768 minimum: 301
[    4.866125] ACPI: Core revision 20150930
[    4.871908] ACPI: 2 ACPI AML tables successfully acquired and loaded
[    4.880143] Security Framework initialized
[    4.883714] Yama: becoming mindful.
[    4.888173] AppArmor: AppArmor initialized
[    4.895289] Dentry cache hash table entries: 131072 (order: 8, 1048576 bytes)
[    4.902051] Inode-cache hash table entries: 65536 (order: 7, 524288 bytes)
[    4.908445] Mount-cache hash table entries: 2048 (order: 2, 16384 bytes)
[    4.917446] Mountpoint-cache hash table entries: 2048 (order: 2, 16384 bytes)
[    4.927565] Initializing cgroup subsys io
[    4.930587] Initializing cgroup subsys memory
[    4.933403] Initializing cgroup subsys devices
[    4.938325] Initializing cgroup subsys freezer
[    4.940689] Initializing cgroup subsys net_cls
[    4.943046] Initializing cgroup subsys perf_event
[    4.950260] Initializing cgroup subsys net_prio
[    4.954319] Initializing cgroup subsys hugetlb
[    4.959772] Initializing cgroup subsys pids
[    4.963040] CPU: Physical Processor ID: 0
[    4.965584] CPU: Processor Core ID: 0
[    4.970287] mce: CPU supports 0 MCE banks
[    4.972582] Last level iTLB entries: 4KB 128, 2MB 4, 4MB 4
[    4.990581] Last level dTLB entries: 4KB 256, 2MB 0, 4MB 32, 1GB 0
[    5.000469] Freeing SMP alternatives memory: 32K (ffffffff820b8000 - ffffffff820c0000)
[    5.037310] ftrace: allocating 32120 entries in 126 pages
[    5.183367] smpboot: APIC(0) Converting physical 0 to logical package 0
[    5.324102] smpboot: Max logical packages: 1
[    5.360511] ..TIMER: vector=0x30 apic1=0 pin1=2 apic2=-1 pin2=-1
[    5.473958] APIC calibration not consistent with PM-Timer: 96ms instead of 100ms
[    5.585441] APIC delta adjusted to PM-Timer: 6433787 (6225238)
[    5.684063] smpboot: CPU0: Intel(R) Core(TM)2 Duo CPU     P8600  @ 2.40GHz (family: 0x6, model: 0x17, stepping: 0xa)
[    5.792998] Performance Events: unsupported p6 CPU model 23 no PMU driver, software events only.
[    5.802736] KVM setup paravirtual spinlock
[    5.818456] x86: Booting SMP configuration:
[    5.826742] .... node  #0, CPUs:      #1
[    5.851486] kvm-clock: cpu 1, msr 0:3ffe3041, secondary cpu clock
[    5.877916] mce: CPU supports 0 MCE banks
[    5.889032] x86: Booted up 1 node, 2 CPUs
[    5.895019] smpboot: Total of 2 processors activated (9556.96 BogoMIPS)
[    5.909436] devtmpfs: initialized
[    5.920061] evm: security.selinux
[    5.929983] evm: security.SMACK64
[    5.935190] evm: security.SMACK64EXEC
[    5.939964] evm: security.SMACK64TRANSMUTE
[    5.945690] evm: security.SMACK64MMAP
[    5.951510] evm: security.ima
[    5.954997] evm: security.capability
[    5.961094] clocksource: jiffies: mask: 0xffffffff max_cycles: 0xffffffff, max_idle_ns: 7645041785100000 ns
[    5.970654] futex hash table entries: 512 (order: 3, 32768 bytes)
[    5.977524] pinctrl core: initialized pinctrl subsystem
[    5.982487] RTC time:  2:53:32, date: 05/23/17
[    5.989536] NET: Registered protocol family 16
[    6.007520] cpuidle: using governor ladder
[    6.023494] cpuidle: using governor menu
[    6.026992] PCCT header not found.
[    6.031083] ACPI: bus type PCI registered
[    6.037605] acpiphp: ACPI Hot Plug PCI Controller Driver version: 0.5
[    6.043532] PCI: Using configuration type 1 for base access
[    6.070105] ACPI: Added _OSI(Module Device)
[    6.084339] ACPI: Added _OSI(Processor Device)
[    6.089066] ACPI: Added _OSI(3.0 _SCP Extensions)
[    6.097031] ACPI: Added _OSI(Processor Aggregator Device)
[    6.104547] ACPI: Executed 1 blocks of module-level executable AML code
[    6.118112] ACPI: Interpreter enabled
[    6.124179] ACPI: (supports S0 S5)
[    6.128037] ACPI: Using IOAPIC for interrupt routing
[    6.135566] PCI: Using host bridge windows from ACPI; if necessary, use "pci=nocrs" and report a bug
[    6.148970] ACPI: PCI Root Bridge [PCI0] (domain 0000 [bus 00-ff])
[    6.156494] acpi PNP0A03:00: _OSC: OS supports [ASPM ClockPM Segments MSI]
[    6.162477] acpi PNP0A03:00: _OSC failed (AE_NOT_FOUND); disabling ASPM
[    6.168700] acpi PNP0A03:00: fail to add MMCONFIG information, can't access extended PCI configuration space under this bridge.
[    6.182683] PCI host bridge to bus 0000:00
[    6.186925] pci_bus 0000:00: root bus resource [io  0x0000-0x0cf7 window]
[    6.200742] pci_bus 0000:00: root bus resource [io  0x0d00-0xffff window]
[    6.205160] pci_bus 0000:00: root bus resource [mem 0x000a0000-0x000bffff window]
[    6.212949] pci_bus 0000:00: root bus resource [mem 0x40000000-0xffdfffff window]
[    6.220290] pci_bus 0000:00: root bus resource [bus 00-ff]
[    6.229997] pci 0000:00:01.1: legacy IDE quirk: reg 0x10: [io  0x01f0-0x01f7]
[    6.240339] pci 0000:00:01.1: legacy IDE quirk: reg 0x14: [io  0x03f6]
[    6.246559] pci 0000:00:01.1: legacy IDE quirk: reg 0x18: [io  0x0170-0x0177]
[    6.256254] pci 0000:00:01.1: legacy IDE quirk: reg 0x1c: [io  0x0376]
[    6.406033] ACPI: PCI Interrupt Link [LNKA] (IRQs 5 9 10 11) *0, disabled.
[    6.459850] ACPI: PCI Interrupt Link [LNKB] (IRQs 5 9 10 *11)
[    6.487386] ACPI: PCI Interrupt Link [LNKC] (IRQs 5 9 *10 11)
[    6.529220] ACPI: PCI Interrupt Link [LNKD] (IRQs 5 *9 10 11)
[    6.542622] ACPI: Enabled 2 GPEs in block 00 to 07
[    6.548697] vgaarb: setting as boot device: PCI:0000:00:02.0
[    6.554102] vgaarb: device added: PCI:0000:00:02.0,decodes=io+mem,owns=io+mem,locks=none
[    6.558340] vgaarb: loaded
[    6.562285] vgaarb: bridge control possible 0000:00:02.0
[    6.568057] SCSI subsystem initialized
[    6.598091] ACPI: bus type USB registered
[    6.605808] usbcore: registered new interface driver usbfs
[    6.610865] usbcore: registered new interface driver hub
[    6.616149] usbcore: registered new device driver usb
[    6.619799] PCI: Using ACPI for IRQ routing
[    6.625781] NetLabel: Initializing
[    6.630069] NetLabel:  domain hash size = 128
[    6.633449] NetLabel:  protocols = UNLABELED CIPSOv4
[    6.637032] NetLabel:  unlabeled traffic allowed by default
[    6.646000] amd_nb: Cannot enumerate AMD northbridges
[    6.649789] clocksource: Switched to clocksource kvm-clock
[  66718] pprmr:Aprmr Fiesstm naled
[   .3970] pn: PnP ACPI init
[   7.627903] pnp: PnP ACPI: found 4 devices
[    7.721181] clocksource: acpi_pm: mask: 0xffffff max_cycles: 0xffffff, max_idle_ns: 2085701024 ns
[    7.742391] NET: Registered protocol family 2
[    7.750101] TCP established hash table entries: 8192 (order: 4, 65536 bytes)
[    7.756461] TCP bind hash table entries: 8192 (order: 5, 131072 bytes)
[    7.759565] TCP: Hash tables configured (established 8192 bind 8192)
[    7.765162] UDP hash table entries: 512 (order: 2, 16384 bytes)
[    7.774844] UDP-Lite hash table entries: 512 (order: 2, 16384 bytes)
[    7.780878] NET: Registered protocol family 1
[    7.789871] pci 0000:00:00.0: Limiting direct PCI/PCI transfers
[    7.795488] pci 0000:00:01.0: Activating ISA DMA hang workarounds
[    7.805147] Unpacking initramfs...
[   10.600383] Freeing initrd memory: 10748K (ffff880036af2000 - ffff880037571000)
[   10.623122] platform rtc_cmos: registered platform RTC device (no PNP device found)
[   10.652386] Scanning for low memory corruption every 60 seconds
[   10.681006] audit: initializing netlink subsys (disabled)
[   10.799857] audit: type=2000 audit(1495508017.226:1): initialized
[   10.862298] Initialise system trusted keyring
[   10.880827] HugeTLB registered 2 MB page size, pre-allocated 0 pages
[   10.899638] zbud: loaded
[   10.916550] VFS: Disk quotas dquot_6.6.0
[   10.940489] VFS: Dquot-cache hash table entries: 512 (order 0, 4096 bytes)
[   10.972352] squashfs: version 4.0 (2009/01/31) Phillip Lougher
[   11.031598] fuse init (API version 7.23)
[   11.062179] Key type big_key registered
[   11.100406] Allocating IMA MOK and blacklist keyrings.
[   11.196105] Key type asymmetric registered
[   11.205191] Asymmetric key parser 'x509' registered
[   11.216724] Block layer SCSI generic (bsg) driver version 0.4 loaded (major 249)
[   11.237300] io scheduler noop registered
[   11.247294] io scheduler deadline registered (default)
[   11.256619] io scheduler cfq registered
[   11.261076] pci_hotplug: PCI Hot Plug PCI Core version: 0.5
[   11.275262] pciehp: PCI Express Hot Plug Controller Driver version: 0.4
[   11.289224] ACPI: AC Adapter [AC] (on-line)
[   11.291783] input: Power Button as /devices/LNXSYSTM:00/LNXPWRBN:00/input/input0
[   11.296054] ACPI: Power Button [PWRF]
[   11.301157] input: Sleep Button as /devices/LNXSYSTM:00/LNXSLPBN:00/input/input1
[   11.305647] ACPI: Sleep Button [SLPF]
[   11.308324] GHES: HEST is not enabled!
[   11.310283] ACPI: Battery Slot [BAT0] (battery present)
[   11.321911] Serial: 8250/16550 driver, 32 ports, IRQ sharing enabled
[   11.352155] 00:03: ttyS0 at I/O 0x3f8 (irq = 4, base_baud = 115200) is a 16550A
[   11.372608] Linux agpgart interface v0.103
[   11.379871] loop: module loaded
[   11.385879] scsi host0: ata_piix
[   11.392218] scsi host1: ata_piix
[   11.402781] ata1: PATA max UDMA/33 cmd 0x1f0 ctl 0x3f6 bmdma 0xd000 irq 14
[   11.415606] ata2: PATA max UDMA/33 cmd 0x170 ctl 0x376 bmdma 0xd008 irq 15
[   11.424878] libphy: Fixed MDIO Bus: probed
[   11.444726] tun: Universal TUN/TAP device driver, 1.6
[   11.498190] tun: (C) 1999-2004 Max Krasnyansky <maxk@qualcomm.com>
[   11.571170] PPP generic driver version 2.4.2
[   11.575579] ehci_hcd: USB 2.0 'Enhanced' Host Controller (EHCI) Driver
[   11.578716] ehci-pci: EHCI PCI platform driver
[   11.584809] ehci-platform: EHCI generic platform driver
[   11.588948] ohci_hcd: USB 1.1 'Open' Host Controller (OHCI) Driver
[   11.602133] ohci-pci: OHCI PCI platform driver
[   11.604731] ohci-platform: OHCI generic platform driver
[   11.608886] uhci_hcd: USB Universal Host Controller Interface driver
[   11.615344] i8042: PNP: PS/2 Controller [PNP0303:PS2K,PNP0f03:PS2M] at 0x60,0x64 irq 1,12
[   11.623307] tsc: Refined TSC clocksource calibration: 2392.527 MHz
[   11.632770] clocksource: tsc: mask: 0xffffffffffffffff max_cycles: 0x227ca424b6a, max_idle_ns: 440795267028 ns
[   11.634014] serio: i8042 KBD port at 0x60,0x64 irq 1
[   11.634028] serio: i8042 AUX port at 0x60,0x64 irq 12
[   11.646210] mousedev: PS/2 mouse device common for all mice
[   11.655109] input: AT Translated Set 2 keyboard as /devices/platform/i8042/serio0/input/input2
[   11.663087] rtc_cmos rtc_cmos: rtc core: registed tccms s tc
  119844] c_mosrtc_cmos: alarms up to one day, 114 bytes nvram

[   12.342902] i2c /dev entries driver
[   12.345869] device-mapper: uevent: version 1.0.3
[   12.350434] device-mapper: ioctl: 4.34.0-ioctl (2015-10-28) initialised: dm-devel@redhat.com
[   12.360508] ledtrig-cpu: registered to indicate activity on CPUs
[   12.382796] NET: Registered protocol family 10
[   12.388859] NET: Registered protocol family 17
[   12.402102] Key type dns_resolver registered
[   12.410365] microcode: CPU0 sig=0x1067a, pf=0x40, revision=0x60b
[   12.421899] microcode: CPU1 sig=0x1067a, pf=0x40, revision=0x60b
[   12.557747] microcode: Microcode Update Driver: v2.01 <tigran@aivazian.fsnet.co.uk>, Peter Oruba
[   12.571556] registered taskstats version 1
[   12.575493] Loading compiled-in X.509 certificates
[   12.581194] Loaded X.509 cert 'Build time autogenerated kernel key: 779fd75203f0d36b99b83c7328fac831ec7adf9e'
[   12.590482] zswap: loaded using pool lzo/zbud
[   12.609487] Key type trusted registered
[   12.649789] Key type encrypted registered
[   12.660630] AppArmor: AppArmor sha1 policy hashing enabled
[   12.667252] ima: No TPM chip found, activating TPM-bypass!
[   12.673906] evm: HMAC attrs: 0x1
[   12.677820]   Magic number: 1:271:865
[   12.688750] rtc_cmos rtc_cmos: setting system clock to 2017-05-23 02:53:39 UTC (1495508019)
[   12.833305] BIOS EDD facility v0.16 2004-Jun-25, 0 devices found
[   12.896895] EDD information not available.
[   12.932402] Freeing unused kernel memory: 1484K (ffffffff81f45000 - ffffffff820b8000)
[   12.942813] Write protecting the kernel read-only data: 14336k
[   12.968930] Freeing unused kernel memory: 1760K (ffff880001848000 - ffff880001a00000)
[   12.978710] Freeing unused kernel memory: 112K (ffff880001de4000 - ffff880001e00000)
Loading, please wait...
starting version 229
[   13.125959] random: systemd-udevd: uninitialized urandom read (16 bytes read, 4 bits of entropy available)
[   13.133818] random: udevadm: uninitialized urandom read (16 bytes read, 4 bits of entropy available)
[   13.134160] random: udevadm: uninitialized urandom read (16 bytes read, 4 bits of entropy available)
[   13.134574] random: udevadm: uninitialized urandom read (16 bytes read, 4 bits of entropy available)
[   13.134698] random: udevadm: uninitialized urandom read (16 bytes read, 4 bits of entropy available)
[   13.134898] random: udevadm: uninitialized urandom read (16 bytes read, 4 bits of entropy available)
[   13.135073] random: udevadm: uninitialized urandom read (16 bytes read, 4 bits of entropy available)
[   13.135236] random: udevadm: uninitialized urandom read (16 bytes read, 4 bits of entropy available)
[   13.135369] random: udevadm: uninitialized urandom read (16 bytes read, 4 bits of entropy available)
[   13.135502] random: udevadm: uninitialized urandom read (16 bytes read, 4 bits of entropy available)
[   13.328620] e1000: Intel(R) PRO/1000 Network Driver - version 7.3.21-k8-NAPI
[   13.342068] e1000: Copyright (c) 1999-2006 Intel Corporation.
[   13.353006] Fusion MPT base driver 3.04.20
[   13.362096] Copyright (c) 1999-2008 LSI Corporation
[   13.469600] Fusion MPT SPI Host driver 3.04.20
[   13.529184] input: ImExPS/2 Generic Explorer Mouse as /devices/platform/i8042/serio1/input/input4
[   13.976759] e1000 0000:00:03.0 eth0: (PCI:33MHz:32-bit) 02:e5:38:c9:4b:72
[   13.986542] e1000 0000:00:03.0 eth0: Intel(R) PRO/1000 Network Connection
[   14.003843] mptbase: ioc0: Initiating bringup
[   14.074332] ioc0: LSI53C1030 A0: Capabilities={Initiator}
[   14.255589] scsi host2: ioc0: LSI53C1030 A0, FwRev=00000000h, Ports=1, MaxQ=256, IRQ=20
[   14.376755] scsi 2:0:0:0: Direct-Access     VBOX     HARDDISK         1.0  PQ: 0 ANSI: 5
[   14.559691] scsi target2:0:0: Beginning Domain Validation
[   14.658499] scsi target2:0:0: Domain Validation skipping write tests
[   14.728623] scsi target2:0:0: Ending Domain Validation
[   14.732793] scsi target2:0:0: asynchronous
[   14.740191] scsi 2:0:1:0: Direct-Access     VBOX     HARDDISK         1.0  PQ: 0 ANSI: 5
[   14.751294] scsi target2:0:1: Beginning Domain Validation
[   14.767753] scsi target2:0:1: Domain Validation skipping write tests
[   14.780462] scsi target2:0:1: Ending Domain Validation
[   14.785828] scsi target2:0:1: asynchronous
[   14.814692] sd 2:0:0:0: [sda] 20971520 512-byte logical blocks: (10.7 GB/10.0 GiB)
[   14.822932] sd 2:0:0:0: Attached scsi generic sg0 type 0
[   14.850260] sd 2:0:1:0: Attached scsi generic sg1 type 0
[   14.863478] sd 2:0:1:0: [sdb] 20480 512-byte logical blocks: (10.5 MB/10.0 MiB)
[   14.878102] sd 2:0:0:0: [sda] Write Protect is off
[   14.884510] sd 2:0:0:0: [sda] Incomplete mode parameter data
[   14.890196] sd 2:0:0:0: [sda] Assuming drive cache: write through
[   14.943904] sd 2:0:1:0: [sdb] Write Protect is off
[   14.955623] sd 2:0:1:0: [sdb] Incomplete mode parameter data
[   14.960700] sd 2:0:1:0: [sdb] Assuming drive cache: write through
[   15.106499]  sda: sda1
[   15.111663] sd 2:0:0:0: [sda] Attached SCSI disk
[   15.122108] sd 2:0:1:0: [sdb] Attached SCSI disk
[   15.414806] e1000 0000:00:08.0 eth1: (PCI:33MHz:32-bit) 08:00:27:6c:96:d1
[   15.419436] e1000 0000:00:08.0 eth1: Intel(R) PRO/1000 Network Connection
[   15.428447] e1000 0000:00:03.0 enp0s3: renamed from eth0
[   15.450256] e1000 0000:00:08.0 enp0s8: renamed from eth1
[   16.434587] floppy0: no floppy controllers found
Begin: Loading essential drivers ... [   20.165227] md: linear personality registered for level -1
[   20.202216] md: multipath personality registered for level -4
[   20.256342] md: raid0 personality registered for level 0
[   20.323234] md: raid1 personality registered for level 1
[   20.437926] raid6: sse2x1   gen()  2884 MB/s
[   20.516712] raid6: sse2x1   xor()  2808 MB/s
[   20.596042] raid6: sse2x2   gen()  2940 MB/s
[   20.670217] raid6: sse2x2   xor()  2937 MB/s
[   20.742109] raid6: sse2x4   gen()  5333 MB/s
[   20.813999] raid6: sse2x4   xor()  4149 MB/s
[   20.820343] raid6: using algorithm sse2x4 gen() 5333 MB/s
[   20.825959] raid6: .... xor() 4149 MB/s, rmw enabled
[   20.828455] raid6: using ssse3x2 recovery algorithm
[   20.839714] xor: measuring software checksum speed
[   20.895758]    prefetch64-sse: 37761.000 MB/sec
[   21.045822]    generic_sse: 19511.000 MB/sec
[   21.053654] xor: using function: prefetch64-sse (37761.000 MB/sec)
[   21.066089] async_tx: api initialized (async)
[   21.093403] md: raid6 personality registered for level 6
[   21.099116] md: raid5 personality registered for level 5
[   21.104968] md: raid4 personality registered for level 4
[   21.286188] md: raid10 personality registered for level 10
done.
Begin: Running /scripts/init-premount ... done.
Begin: Mounting root file system ... Begin: Running /scripts/local-top ... done.
Begin: Running /scripts/local-premount ... [   21.666949] Btrfs loaded
Scanning for Btrfs filesystems
done.
Warning: fsck not present, so skipping root file system
[   21.939434] EXT4-fs (sda1): mounted filesystem with ordered data mode. Opts: (null)
done.
Begin: Running /scripts/local-bottom ... done.
Begin: Running /scripts/init-bottom ... done.
[   22.420315] systemd[1]: systemd 229 running in system mode. (+PAM +AUDIT +SELINUX +IMA +APPARMOR +SMACK +SYSVINIT +UTMP +LIBCRYPTSETUP +GCRYPT +GNUTLS +ACL +XZ -LZ4 +SECCOMP +BLKID +ELFUTILS +KMOD -IDN)
[   22.449243] systemd[1]: Detected virtualization oracle.
[   22.452928] systemd[1]: Detected architecture x86-64.

Welcome to [1mUbuntu 16.04.2 LTS[0m!

[   22.478661] systemd[1]: Set hostname to <ubuntu>.
[   22.555996] systemd[1]: Initializing machine ID from random generator.
[   22.711526] systemd[1]: Installed transient /etc/machine-id file.
[   22.838959] random: nonblocking pool is initialized
[   23.351292] systemd[1]: Listening on Device-mapper event daemon FIFOs.
[[0;32m  OK  [0m] Listening on Device-mapper event daemon FIFOs.
[   23.382535] systemd[1]: Listening on udev Kernel Socket.
[[0;32m  OK  [0m] Listening on udev Kernel Socket.
[ 23.462167] systemd[1]: Listening on Journal Audit Socket.
[[0;32m  OK  [0m] Listening on Journal Audit Socket.
[   23.6266] sysem[1: isenngn M2pol daemon socket.

[[0;32m  OK  [0m] Listening on LVM2 poll daemon socket.
[   24.256172] sstd[: Created slie ser and Session Slice.
[[0;32m  OK  [0m] Created slice User and Session Slice.
[   24.601609] systemd[1]: Listening on Journal Socket.
[[0;32m  OK  [0m] Listening on Journal Socket.
[   24.647681] systemd[1]: Reached target Swap.
[[0;32m  OK  [0m] Reached target Swap.
[   24.657933] systemd[1]: Reached target User and Group Name Lookups.
[[0;32m  OK  [0m] Reached target User and Group Name Lookups.
[   24.678240] systemd[1]: Reached target Encrypted Volumes.
[[0;32m  OK  [0m] Reached target Encrypted Volumes.
[   24.694754] systemd[1]: Created slice System Slice.
[[0;32m  OK  [0m] Created slice System Slice.
[   24.739674] systemd[1]: Starting Load Kernel Modules...
         Starting Load Kernel Modules...
[   24.767626] systemd[1]: Mounting POSIX Message Queue File System...
         Mounting POSIX Message Queue File System...
[   24.792981] Loading iSCSI transport class v2.0-870.
[   24.795256] systemd[1]: Created slice system-serial\x2dgetty.slice.
[[0;32m  OK  [0m] Created slice system-serial\x2dgetty.slice.
[   24.817667] iscsi: registered transport (tcp)
[   24.826650] systemd[1]: Started Trigger resolvconf update for networkd DNS.
[[0;32m  OK  [0m] Started Trigger resolvconf update for networkd DNS.
[   24.850094] systemd[1]: Listening on udev Control Socket.
[[0;32m  OK  [0m] Listening on udev Control Socket.
[   24.858558] systemd[1]: Listening on Syslog Socket.
[[0;32m  OK  [0m] Listening on Syslog Socket.
[   24.863916] systemd[1]: Listening on LVM2 metadata daemon socket.
[[0;32m  OK  [0m] Listening on LVM2 metadata daemon socket.
[   24.894750] systemd[1]: Mounting Huge Pages File System...
[   24.907281] iscsi: registered transport (iser)
         Mounting Huge Pages File System...
[   24.930070] systemd[1]: Starting Nameserver information manager...
         Starting Nameserver information manager...
[   25.035918] systemd[1]: Listening on Journal Socket (/dev/log).
[[0;32m  OK  [0m] Listening on Journal Socket (/dev/log).
[   25.059083] systemd[1]: Starting Journal Service...
         Starting Journal Service...
[   25.072525] systemd[1]: Set up automount Arbitrary Executable File Formats File System Automount Point.
[[0;32m  OK  [0m] Set up automount Arbitrary Executab...ats File System Automount Point.
[   25.110570] systemd[1]: Mounting Debug File System...
         Mounting Debug File System...
[   25.142444] systemd[1]: Listening on /dev/initctl Compatibility Named Pipe.
[[0;32m  OK  [0m] Listening on /dev/initctl Compatibility Named Pipe.
[   25.175303] systemd[1]: Starting Set console keymap...
         Starting Set console keymap...
[   25.196333] systemd[1]: Reached target Slices.
[[0;32m  OK  [0m] Reached target Slices.
[   25.223129] systemd[1]: Started Forward Password Requests to Wall Directory Watch.
[[0;32m  OK  [0m] Started Forward Password Requests to Wall Directory Watch.
[   25.292822] systemd[1]: Starting Uncomplicated firewall...
         Starting Uncomplicated firewall...
[   25.432345] systemd[1]: Starting Remount Root and Kernel File Systems...
         Starting Remount Root and Kernel File Systems...
[   25.452597] systemd[1]: Starting Monitoring of LVM2 mirrors, snapshots etc. using dmeventd or progress polling...
         Starting Monitoring of LVM2 mirrors... dmeventd or progress polling...
[   25.479651] systemd[1]: Starting Create list of required static device nodes for the current kernel...
[   25.492726] EXT4-fs (sda1): re-mounted. Opts: (null)
         Starting Create list of required st... nodes for the current kernel...
[   25.538552] systemd[1]: Mounted Huge Pages File System.
[[0;32m  OK  [0m] Mounted Huge Pages File System.
[   25.639673] systemd[1]: Mounted Debug File System.
[[0;32m  OK  [0m] Mounted Debug File System.
[   25.754803] systemd[1]: Mounted POSIX Message Queue File System.
[[0;32m  OK  [0m] Mounted POSIX Message Queue File System.
[   25.778647] systemd[1]: Started Journal Service.
[[0;32m  OK  [0m] Started Journal Service.
[[0;32m  OK  [0m] Started Load Kernel Modules.
[[0;32m  OK  [0m] Started Set console keymap.
[[0;32m  OK  [0m] Started Uncomplicated firewall.
[[0;32m  OK  [0m] Started Remount Root and Kernel File Systems.
[[0;32m  OK  [0m] Started Create list of required sta...ce nodes for the current kernel.
[[0;32m  OK  [0m] Started Nameserver information manager.
[[0;32m  OK  [0m] Started LVM2 metadata daemon.
         Starting Create Static Device Nodes in /dev...
         Starting Initial cloud-init job (pre-networking)...
         Starting udev Coldplug all Devices...
         Starting Load/Save Random Seed...
         Starting Apply Kernel Variables...
         Mounting FUSE Control File System...
         Starting Flush Journal to Persistent Storage...
[[0;32m  OK  [0m] Started Create Static Device Nodes in /dev.
[[0;32m  OK  [0m] Started Load/Save Random Seed.
[[0;32m  OK  [0m] Started Apply Kernel Variables.
[[0;32m  OK  [0m] Mounted FUSE Control File System.
         Starting udev Kernel Device Manager...
[[0;32m  OK  [0m] Started Flush Journal to Persistent Storage.
[[0;32m  OK  [0m] Started udev Kernel Device Manager.
[[0;32m  OK  [0m] Started Monitoring of LVM2 mirrors,...ng dmeventd or progress polling.
[[0;32m  OK  [0m] Reached target Local File Systems (Pre).
[[0;32m  OK  [0m] Reached target Local File Systems.
         Starting Create Volatile Files and Directories...
         Starting Set console font and keymap...
         Starting Tell Plymouth To Write Out Runtime Data...
         Starting LSB: AppArmor initialization...
         Starting Commit a transient machine-id on disk...
[[0;32m  OK  [0m] Started udev Coldplug all Devices.
[[0;32m  OK  [0m] Started Create Volatile Files and Directories.
[[0;32m  OK  [0m] Started Tell Plymouth To Write Out Runtime Data.
[[0;32m  OK  [0m] Reached target System Time Synchronized.
         Starting Update UTMP about System Boot/Shutdown...
[[0;32m  OK  [0m] Started Dispatch Password Requests to Console Directory Watch.
[[0;32m  OK  [0m] Started Commit a transient machine-id on disk.
[[0;32m  OK  [0m] Started Update UTMP about System Boot/Shutdown.
[[0;32m  OK  [0m] Found device /dev/ttyS0.
[[0;32m  OK  [0m] Started Set console font and keymap.
[[0;32m  OK  [0m] Created slice system-getty.slice.
[[0;32m  OK  [0m] Listening on Load/Save RF Kill Switch Status /dev/rfkill Watch.
[[0;32m  OK  [0m] Started LSB: AppArmor initialization.
[   56.005333] cloud-init[421]: Cloud-init v. 0.7.9 running 'init-local' at Tue, 23 May 2017 02:54:27 +0000. Up 55.11 seconds.
[[0;32m  OK  [0m] Started Initial cloud-init job (pre-networking).
[[0;32m  OK  [0m] Reached target Network (Pre).
         Starting Raise network interfaces...
[[0;32m  OK  [0m] Started Raise network interfaces.
[[0;32m  OK  [0m] Reached target Network.
         Starting Initial cloud-init job (metadata service crawler)...
[   62.570876] cloud-init[948]: Cloud-init v. 0.7.9 running 'init' at Tue, 23 May 2017 02:54:32 +0000. Up 59.61 seconds.
[   62.605722] cloud-init[948]: ci-info: ++++++++++++++++++++++++++++++++++++++Net device info++++++++++++++++++++++++++++++++++++++
[   62.620757] cloud-init[948]: ci-info: +--------+-------+----------------------------+---------------+-------+-------------------+
[   62.632970] cloud-init[948]: ci-info: | Device |   Up  |          Address           |      Mask     | Scope |     Hw-Address    |
[   62.648879] cloud-init[948]: ci-info: +--------+-------+----------------------------+---------------+-------+-------------------+
[   62.663702] cloud-init[948]: ci-info: |   lo   |  True |         127.0.0.1          |   255.0.0.0   |   .   |         .         |
[   62.685646] cloud-init[948]: ci-info: |   lo   |  True |          ::1/128           |       .       |  host |         .         |
[   62.697760] cloud-init[948]: ci-info: | enp0s3 |  True |         10.0.2.15          | 255.255.255.0 |   .   | 02:e5:38:c9:4b:72 |
[   62.718792] cloud-init[948]: ci-info: | enp0s3 |  True | fe80::e5:38ff:fec9:4b72/64 |       .       |  link | 02:e5:38:c9:4b:72 |
[   62.748927] cloud-init[948]: ci-info: | enp0s8 | False |             .              |       .       |   .   | 08:00:27:6c:96:d1 |
[   62.889731] cloud-init[948]: ci-info: +--------+-------+----------------------------+---------------+-------+-------------------+
[   62.906203] cloud-init[948]: ci-info: +++++++++++++++++++++++++++Route IPv4 info++++++++++++++++++++++++++++
[   62.919236] cloud-init[948]: ci-info: +-------+-------------+----------+---------------+-----------+-------+
[   62.963557] cloud-init[948]: ci-info: | Route | Destination | Gateway  |    Genmask    | Interface | Flags |
[   62.991728] cloud-init[948]: ci-info: +-------+-------------+----------+---------------+-----------+-------+
[   63.013824] cloud-init[948]: ci-info: |   0   |   0.0.0.0   | 10.0.2.2 |    0.0.0.0    |   enp0s3  |   UG  |
[   63.037504] cloud-init[948]: ci-info: |   1   |   10.0.2.0  | 0.0.0.0  | 255.255.255.0 |   enp0s3  |   U   |
[   63.052369] cloud-init[948]: ci-info: +-------+-------------+----------+---------------+-----------+-------+
[   63.067451] cloud-init[948]: Generating public/private rsa key pair.
[   63.080725] cloud-init[948]: Your identification has been saved in /etc/ssh/ssh_host_rsa_key.
[   63.093624] cloud-init[948]: Your public key has been saved in /etc/ssh/ssh_host_rsa_key.pub.
[   63.111790] cloud-init[948]: The key fingerprint is:
[   63.120748] cloud-init[948]: SHA256:jqL+qig0y3AqisBCDnnIaElCeGXqEDRG+1+3HTHK8fg root@ubuntu-xenial
[   63.145804] cloud-init[948]: The key's randomart image is:
[   63.180923] cloud-init[948]: +---[RSA 2048]----+
[   63.261048] cloud-init[948]: |=* .o            |
[   63.269343] cloud-init[948]: |+.+o             |
[   63.277750] cloud-init[948]: |o+.      . o     |
[   63.278652] cloud-init[948]: |==o     . = o    |
[   63.289255] cloud-init[948]: |==o.   .S= o     |
[   63.290165] cloud-init[948]: |B+. . .o. + .    |
[   63.290328] cloud-init[948]: |*=o ... .. E     |
[   63.302673] cloud-init[948]: |Oo . .           |
[   63.304840] cloud-init[948]: |Oo+o.            |
[   63.305015] cloud-init[948]: +----[SHA256]-----+
[   63.305153] cloud-init[948]: Generating public/private dsa key pair.
[   63.305290] cloud-init[948]: Your identification has been saved in /etc/ssh/ssh_host_dsa_key.
[   63.305443] cloud-init[948]: Your public key has been saved in /etc/ssh/ssh_host_dsa_key.pub.
[   63.305658] cloud-init[948]: The key fingerprint is:
[   63.305861] cloud-init[948]: SHA256:Xjw/htOdL8dVbWaluke5cLAUdCiU+uyZSIVYNIlqPeE root@ubuntu-xenial
[   63.306687] cloud-init[948]: The key's randomart image is:
[   63.306827] cloud-init[948]: +---[DSA 1024]----+
[   63.306992] cloud-init[948]: |       ooo.o...  |
[   63.307130] cloud-init[948]: |      o o.o o.  .|
[   63.307406] cloud-init[948]: |     + + o . . .o|
[   63.307592] cloud-init[948]: |    o E o.. o . *|
[   63.307731] cloud-init[948]: |   .   .S++. + =.|
[   63.307879] cloud-init[948]: |       ...o=+.+..|
[   63.308026] cloud-init[948]: |       ..ooo==oo.|
[   63.308159] cloud-init[948]: |        . +o..+.o|
[   63.308302] cloud-init[948]: |             . o.|
[   63.308438] cloud-init[948]: +----[SHA256]-----+
[   63.311692] cloud-init[948]: Generating public/private ecdsa key pair.
[   63.311865] cloud-init[948]: Your identification has been saved in /etc/ssh/ssh_host_ecdsa_key.
[   63.316127] cloud-init[948]: Your public key has been saved in /etc/ssh/ssh_host_ecdsa_key.pub.
[   63.317678] cloud-init[948]: The key fingerprint is:
[   63.319431] cloud-init[948]: SHA256:ADvvssncOxyJgt/z2BZVXVXePd9OmdN+mbTxQcJyRZI root@ubuntu-xenial
[   63.323502] cloud-init[948]: The key's randomart image is:
[   63.323669] cloud-init[948]: +---[ECDSA 256]---+
[   63.323805] cloud-init[948]: |    .      . o+++|
[   63.323942] cloud-init[948]: |     o    . oEo.o|
[   63.324076] cloud-init[948]: |    o .  . . + o+|
[   63.324211] cloud-init[948]: |     o ..   o o B|
[   63.324428] cloud-init[948]: | .   ..oS      B=|
[   63.324580] cloud-init[948]: |. . ..+       .+O|
[   63.324717] cloud-init[948]: | . o...o       +=|
[   63.324868] cloud-init[948]: |  .ooB+         .|
[   63.325002] cloud-init[948]: |    *+=o         |
[   63.325308] cloud-init[948]: +----[SHA256]-----+
[   63.326582] cloud-init[948]: Generating public/private ed25519 key pair.
[[0;32m  OK  [0m] Started Initial cloud-init job (metadata service crawler).
[   63.326978] cloud-init[948]: Your identification has been saved in /etc/ssh/ssh_host_ed25519_key.
[   64.009478] cloud-init[948]: Your public key has been saved in /etc/ssh/ssh_host_ed25519_key.pub.
[   64.022400] cloud-init[948]: The key fingerprint is:
[   64.030098] cloud-init[948]: SHA256:HrGzsuwknwaMlZMKVao9/O/GWBFbx8W5VnCCOn0xpIM root@ubuntu-xenial
[   64.030909] cloud-init[948]: The key's randomart image is:
[   64.031865] cloud-init[948]: +--[ED25519 256]--+
[[0;32m  OK  [0m] Reached target System Initialization.
[   64.032793] cloud-init[948]: |   ..    . ==o.  |
[   64.063961] cloud-init[948]: |  ..  . ..+.=o.  |
[   64.070268] cloud-init[948]: | ..  o +E+o  =   |
[   64.071017] cloud-init[948]: |.+  = o oo..+    |
[[0;32m  OK  [0m] Started ACPI Events Check.
[[0;32m  OK  [0m] Reached target Paths.
[[   64.071853] cloud-init[948]: |..+= . .S. o     |
[   64.198898] cloud-init[948]: |  ooo .. +       |
[0;32m  OK  [0m] Listening on ACPID Listen Socket.
[[   64.199120] cloud-init[948]: |    o=o o        |
[0;32m  OK  [0m] Listening on UUID daemon activation socket.
[   64.470104] cloud-init[948]: |    .*++         |
[   64.511152] cloud-init[948]: |     =O          |
[   64.519472] cloud-init[948]: +----[SHA256]-----+
[[0;32m  OK  [0m] Started Timer to automatically refresh installed snaps.
[[0;32m  OK  [0m] Started Daily apt activities.
         Starting LXD - unix socket.
[[0;32m  OK  [0m] Listening on D-Bus System Message Bus Socket.
[[0;32m  OK  [0m] Started Daily Cleanup of Temporary Directories.
[[0;32m  OK  [0m] Reached target Timers.
         Starting Socket activation for snappy daemon.
[[0;32m  OK  [0m] Reached target Cloud-config availability.
[[0;32m  OK  [0m] Reached target Network is Online.
         Starting iSCSI initiator daemon (iscsid)...
[[0;32m  OK  [0m] Listening on LXD - unix socket.
[[0;32m  OK  [0m] Listening on Socket activation for snappy daemon.
[[0;32m  OK  [0m] Reached target Sockets.
[[0;32m  OK  [0m] Reached target Basic System.
[[0;32m  OK  [0m] Started ACPI event daemon.
         Starting Accounts Service...
[[0;32m  OK  [0m] Started Unattended Upgrades Shutdown.
         Starting /etc/rc.local Compatibility...
         Starting LSB: Record successful boot for GRUB...
[[0;32m  OK  [0m] Started FUSE filesystem for LXC.
         Starting Login Service...
[[0;32m  OK  [0m] Started Deferred execution scheduler.
[[0;32m  OK  [0m] Started Snappy daemon.
         Starting Auto import assertions from block devices...
         Starting LSB: MD monitoring daemon...
         Starting System Logging Service...
[[0;32m  OK  [0m] Started Regular background program processing daemon.
         Starting Pollinate to seed the pseudo random number generator...
         Starting Apply the settings specified in cloud-config...
[[0;32m  OK  [0m] Started D-Bus System Message Bus.
         Starting LXD - container startup/shutdown...
[[0;32m  OK  [0m] Started iSCSI initiator daemon (iscsid).
[[0;32m  OK  [0m] Started /etc/rc.local Compatibility.
[[0;32m  OK  [0m] Started Auto import assertions from block devices.
[[0;32m  OK  [0m] Started Login Service.
         Starting Authenticate and Authorize Users to Run Privileged Tasks...
         Starting Login to default iSCSI targets...
[[0;32m  OK  [0m] Started LSB: Record successful boot for GRUB.
[[0;32m  OK  [0m] Started LSB: MD monitoring daemon.
[[0;32m  OK  [0m] Started Authenticate and Authorize Users to Run Privileged Tasks.
[[0;32m  OK  [0m] Started Accounts Service.
[[0;32m  OK  [0m] Started LXD - container startup/shutdown.
[[0;32m  OK  [0m] Started Login to default iSCSI targets.
[[0;32m  OK  [0m] Reached target Remote File Systems (Pre).
[[0;32m  OK  [0m] Reached target Remote File Systems.
         Starting LSB: daemon to balance interrupts for SMP systems...
         Starting LSB: VirtualBox Linux Additions...
         Starting LSB: Set the CPU Frequency Scaling governor to "ondemand"...
         Starting LSB: automatic crash report generation...
         Starting Permit User Sessions...
[[0;32m  OK  [0m] Started Permit User Sessions.
         Starting Hold until boot process finishes up...
         Starting Terminate Plymouth Boot Screen...
[[0;32m  OK  [0m] Started Hold until boot process finishes up.
[[0;32m  OK  [0m] Started Terminate Plymouth Boot Screen.
[[0;32m  OK  [0m] Started Serial Getty on ttyS0.
         Starting Set console scheme...
[[0;32m  OK  [0m] Started Getty on tty1.
[[0;32m  OK  [0m] Reached target Login Prompts.
[[0;32m  OK  [0m] Started Set console scheme.
[[0;32m  OK  [0m] Started LSB: daemon to balance interrupts for SMP systems.
[[0;32m  OK  [0m] Started LSB: Set the CPU Frequency Scaling governor to "ondemand".
[[0;32m  OK  [0m] Started LSB: automatic crash report generation.
[[0;32m  OK  [0m] Started LSB: VirtualBox Linux Additions.
[   71.550163] cloud-init[1095]: Generating locales (this might take a while)...

Ubuntu 16.04.2 LTS ubuntu-xenial ttyS0

ubuntu-xenial login: [   75.610605] cloud-init[1095]:   en_US.UTF-8... done
[   75.620933] cloud-init[1095]: Generation complete.
[   77.811119] cloud-init[1095]: Cloud-init v. 0.7.9 running 'modules:config' at Tue, 23 May 2017 02:54:43 +0000. Up 70.91 seconds.
ci-info: +++++Authorized keys from /home/ubuntu/.ssh/authorized_keys for user ubuntu++++++
ci-info: +---------+-------------------------------------------------+---------+---------+
ci-info: | Keytype |                Fingerprint (md5)                | Options | Comment |
ci-info: +---------+-------------------------------------------------+---------+---------+
ci-info: | ssh-rsa | a6:69:50:db:06:bf:88:aa:aa:40:46:c3:e8:57:30:29 |    -    | vagrant |
ci-info: +---------+-------------------------------------------------+---------+---------+
<14>May 23 02:55:24 ec2: 
<14>May 23 02:55:24 ec2: #############################################################
<14>May 23 02:55:24 ec2: -----BEGIN SSH HOST KEY FINGERPRINTS-----
<14>May 23 02:55:24 ec2: 1024 SHA256:Xjw/htOdL8dVbWaluke5cLAUdCiU+uyZSIVYNIlqPeE root@ubuntu-xenial (DSA)
<14>May 23 02:55:24 ec2: 256 SHA256:ADvvssncOxyJgt/z2BZVXVXePd9OmdN+mbTxQcJyRZI root@ubuntu-xenial (ECDSA)
<14>May 23 02:55:24 ec2: 256 SHA256:HrGzsuwknwaMlZMKVao9/O/GWBFbx8W5VnCCOn0xpIM root@ubuntu-xenial (ED25519)
<14>May 23 02:55:24 ec2: 2048 SHA256:jqL+qig0y3AqisBCDnnIaElCeGXqEDRG+1+3HTHK8fg root@ubuntu-xenial (RSA)
<14>May 23 02:55:24 ec2: -----END SSH HOST KEY FINGERPRINTS-----
<14>May 23 02:55:24 ec2: #############################################################
-----BEGIN SSH HOST KEY KEYS-----
ecdsa-sha2-nistp256 AAAAE2VjZHNhLXNoYTItbmlzdHAyNTYAAAAIbmlzdHAyNTYAAABBBFkahYHto7SQ6ldtyHNTAC+qSVqvBs7XCUAlhK4ah8Zb0wv+qT/v1w3h8bAcs+id582JSFSZ0RFa8PNw6nGJtWY= root@ubuntu-xenial
ssh-ed25519 AAAAC3NzaC1lZDI1NTE5AAAAIM42GCRSWoCn/6l18ppFEZz67Yk8keAu/JFrVzuRNUYF root@ubuntu-xenial
ssh-rsa AAAAB3NzaC1yc2EAAAADAQABAAABAQDAwpzzVv4pogncDSFRFQxNkfhyxZ/5rWXsMCyxK8YAJoKfPW7ZD1bbEjhLo6mOUaRd+TJEN1Z/1ueSue4sdBf2AO6NT3lxYSQLunothlAX1xPmfmtUdfpTZUk2dJUOhEJtPgMPxuCrRM38ZSc3cI3m9kiovDb/6OZYdK00kfqN3vZMNTSuIa46+5SiPWYRUogUhQJ+VEfBh4bM1XJmKEv/zDn3KfxYLZJ9yN8LFRGO/CkPqA0GsnHs7yAj35jBifnHB2n+FbgaGoEJb3flmx6kjSg069utGpHIflP6pHP17wNY6BA2pkvrCg9TW8y6u2axayy7Viyy/64zXqNPe5Zz root@ubuntu-xenial
-----END SSH HOST KEY KEYS-----
[  112.190526] cloud-init[1554]: Cloud-init v. 0.7.9 running 'modules:final' at Tue, 23 May 2017 02:55:24 +0000. Up 111.39 seconds.
[  112.190962] cloud-init[1554]: Cloud-init v. 0.7.9 finished at Tue, 23 May 2017 02:55:24 +0000. Datasource DataSourceNoCloud [seed=/dev/sdb][dsmode=net].  Up 112.10 seconds
